Flow report for THIS_IS_EXECISE_1
Tue Mar 03 18:24:54 2026
Quartus Prime Version 20.1.1 Build 720 11/11/2020 SJ Lite Edition


---------------------
; Table of Contents ;
---------------------
  1. Legal Notice
  2. Flow Summary
  3. Flow Settings
  4. Flow Non-Default Global Settings
  5. Flow Elapsed Time
  6. Flow OS Summary
  7. Flow Log
  8. Flow Messages
  9. Flow Suppressed Messages



----------------
; Legal Notice ;
----------------
Copyright (C) 2020  Intel Corporation. All rights reserved.
Your use of Intel Corporation's design tools, logic functions 
and other software and tools, and any partner logic 
functions, and any output files from any of the foregoing 
(including device programming or simulation files), and any 
associated documentation or information are expressly subject 
to the terms and conditions of the Intel Program License 
Subscription Agreement, the Intel Quartus Prime License Agreement,
the Intel FPGA IP License Agreement, or other applicable license
agreement, including, without limitation, that your use is for
the sole purpose of programming logic devices manufactured by
Intel and sold by Intel or its authorized distributors.  Please
refer to the applicable agreement for further details, at
https://fpgasoftware.intel.com/eula.



+----------------------------------------------------------------------------------+
; Flow Summary                                                                     ;
+------------------------------------+---------------------------------------------+
; Flow Status                        ; Successful - Tue Mar 03 18:24:50 2026       ;
; Quartus Prime Version              ; 20.1.1 Build 720 11/11/2020 SJ Lite Edition ;
; Revision Name                      ; THIS_IS_EXECISE_1                           ;
; Top-level Entity Name              ; fcs_check_serial                            ;
; Family                             ; MAX 10                                      ;
; Device                             ; 10M50DAF484C7G                              ;
; Timing Models                      ; Final                                       ;
; Total logic elements               ; 63 / 49,760 ( < 1 % )                       ;
;     Total combinational functions  ; 61 / 49,760 ( < 1 % )                       ;
;     Dedicated logic registers      ; 36 / 49,760 ( < 1 % )                       ;
; Total registers                    ; 36                                          ;
; Total pins                         ; 13 / 360 ( 4 % )                            ;
; Total virtual pins                 ; 0                                           ;
; Total memory bits                  ; 0 / 1,677,312 ( 0 % )                       ;
; Embedded Multiplier 9-bit elements ; 0 / 288 ( 0 % )                             ;
; Total PLLs                         ; 0 / 4 ( 0 % )                               ;
; UFM blocks                         ; 0 / 1 ( 0 % )                               ;
; ADC blocks                         ; 0 / 2 ( 0 % )                               ;
+------------------------------------+---------------------------------------------+


+-----------------------------------------+
; Flow Settings                           ;
+-------------------+---------------------+
; Option            ; Setting             ;
+-------------------+---------------------+
; Start date & time ; 03/03/2026 18:24:17 ;
; Main task         ; Compilation         ;
; Revision Name     ; THIS_IS_EXECISE_1   ;
+-------------------+---------------------+


+----------------------------------------------------------------------------------------------------------------------------------+
; Flow Non-Default Global Settings                                                                                                 ;
+-------------------------------------+----------------------------------------+-------------------+------------------+------------+
; Assignment Name                     ; Value                                  ; Default Value     ; Entity Name      ; Section Id ;
+-------------------------------------+----------------------------------------+-------------------+------------------+------------+
; COMPILER_SIGNATURE_ID               ; 187172362217663.177255865700732        ; --                ; --               ; --         ;
; MAX_CORE_JUNCTION_TEMP              ; 85                                     ; --                ; --               ; --         ;
; MIN_CORE_JUNCTION_TEMP              ; 0                                      ; --                ; --               ; --         ;
; PARTITION_COLOR                     ; -- (Not supported for targeted family) ; --                ; fcs_check_serial ; Top        ;
; PARTITION_FITTER_PRESERVATION_LEVEL ; -- (Not supported for targeted family) ; --                ; fcs_check_serial ; Top        ;
; PARTITION_NETLIST_TYPE              ; -- (Not supported for targeted family) ; --                ; fcs_check_serial ; Top        ;
; PROJECT_OUTPUT_DIRECTORY            ; output_files                           ; --                ; --               ; --         ;
; TOP_LEVEL_ENTITY                    ; fcs_check_serial                       ; THIS_IS_EXECISE_1 ; --               ; --         ;
+-------------------------------------+----------------------------------------+-------------------+------------------+------------+


+--------------------------------------------------------------------------------------------------------------------------+
; Flow Elapsed Time                                                                                                        ;
+----------------------+--------------+-------------------------+---------------------+------------------------------------+
; Module Name          ; Elapsed Time ; Average Processors Used ; Peak Virtual Memory ; Total CPU Time (on all processors) ;
+----------------------+--------------+-------------------------+---------------------+------------------------------------+
; Analysis & Synthesis ; 00:00:12     ; 1.0                     ; 4867 MB             ; 00:00:30                           ;
; Fitter               ; 00:00:14     ; 1.1                     ; 6619 MB             ; 00:00:21                           ;
; Assembler            ; 00:00:05     ; 1.0                     ; 4702 MB             ; 00:00:04                           ;
; Timing Analyzer      ; 00:00:03     ; 1.2                     ; 4973 MB             ; 00:00:03                           ;
; Total                ; 00:00:34     ; --                      ; --                  ; 00:00:58                           ;
+----------------------+--------------+-------------------------+---------------------+------------------------------------+


+------------------------------------------------------------------------------------+
; Flow OS Summary                                                                    ;
+----------------------+------------------+------------+------------+----------------+
; Module Name          ; Machine Hostname ; OS Name    ; OS Version ; Processor type ;
+----------------------+------------------+------------+------------+----------------+
; Analysis & Synthesis ; HakonHlynsson    ; Windows 10 ; 10.0       ; x86_64         ;
; Fitter               ; HakonHlynsson    ; Windows 10 ; 10.0       ; x86_64         ;
; Assembler            ; HakonHlynsson    ; Windows 10 ; 10.0       ; x86_64         ;
; Timing Analyzer      ; HakonHlynsson    ; Windows 10 ; 10.0       ; x86_64         ;
+----------------------+------------------+------------+------------+----------------+


------------
; Flow Log ;
------------
quartus_map --read_settings_files=on --write_settings_files=off THIS_IS_EXECISE_1 -c THIS_IS_EXECISE_1
quartus_fit --read_settings_files=off --write_settings_files=off THIS_IS_EXECISE_1 -c THIS_IS_EXECISE_1
quartus_asm --read_settings_files=off --write_settings_files=off THIS_IS_EXECISE_1 -c THIS_IS_EXECISE_1
quartus_sta THIS_IS_EXECISE_1 -c THIS_IS_EXECISE_1



